[debug] [2018-01-07T01:44:16.641Z] ----------------------------------------------------------------------
[debug] [2018-01-07T01:44:16.644Z] Command:       /usr/local/bin/node /usr/local/bin/firebase deploy
[debug] [2018-01-07T01:44:16.645Z] CLI Version:   3.16.0
[debug] [2018-01-07T01:44:16.646Z] Platform:      darwin
[debug] [2018-01-07T01:44:16.646Z] Node Version:  v8.9.3
[debug] [2018-01-07T01:44:16.646Z] Time:          Sat Jan 06 2018 17:44:16 GMT-0800 (PST)
[debug] [2018-01-07T01:44:16.647Z] ----------------------------------------------------------------------
[debug] 
[debug] [2018-01-07T01:44:16.664Z] > command requires scopes: ["email","openid","https://www.googleapis.com/auth/cloudplatformprojects.readonly","https://www.googleapis.com/auth/firebase","https://www.googleapis.com/auth/cloud-platform"]
[debug] [2018-01-07T01:44:16.664Z] > authorizing via signed-in user
[debug] [2018-01-07T01:44:16.667Z] > refreshing access token with scopes: ["email","https://www.googleapis.com/auth/cloud-platform","https://www.googleapis.com/auth/cloudplatformprojects.readonly","https://www.googleapis.com/auth/firebase","openid"]
[debug] [2018-01-07T01:44:16.667Z] >>> HTTP REQUEST POST https://www.googleapis.com/oauth2/v3/token  
 { refresh_token: '1/f6mpi1yCmjbKpGuepXJA9lGzm697bhXP8XJnUyDPD6Ar8lbusGD5smfAZaFxdxYT',
  client_id: '563584335869-fgrhgmd47bqnekij5i8b5pr03ho849e6.apps.googleusercontent.com',
  client_secret: 'j9iVZfS8kkCEFUPaAeJV0sAi',
  grant_type: 'refresh_token',
  scope: 'email https://www.googleapis.com/auth/cloud-platform https://www.googleapis.com/auth/cloudplatformprojects.readonly https://www.googleapis.com/auth/firebase openid' } 
 Sat Jan 06 2018 17:44:16 GMT-0800 (PST)
[debug] [2018-01-07T01:44:17.870Z] <<< HTTP RESPONSE 200
[debug] [2018-01-07T01:44:17.936Z] >>> HTTP REQUEST GET https://admin.firebase.com/v1/projects/flexfeeback  
  
 Sat Jan 06 2018 17:44:17 GMT-0800 (PST)
[debug] [2018-01-07T01:44:18.426Z] <<< HTTP RESPONSE 200
[debug] [2018-01-07T01:44:18.427Z] >>> HTTP REQUEST GET https://admin.firebase.com/v1/database/flexfeeback/tokens  
  
 Sat Jan 06 2018 17:44:18 GMT-0800 (PST)
[debug] [2018-01-07T01:44:18.863Z] <<< HTTP RESPONSE 200
[info] 
[info] === Deploying to 'flexfeeback'...
[info] 
[info] i  deploying hosting
[info] i  hosting: preparing app directory for upload...
[debug] [2018-01-07T01:44:20.461Z] >>> HTTP REQUEST PUT https://deploy.firebase.com/v1/hosting/flexfeeback/uploads/-L2DHYcpnzuQafHfIR-R?fileCount=21&message=  
  
 Sat Jan 06 2018 17:44:20 GMT-0800 (PST)
[debug] [2018-01-07T01:44:34.226Z] <<< HTTP RESPONSE 200
[debug] [2018-01-07T01:44:34.227Z] [hosting] .tgz uploaded successfully, waiting for extraction
